CRITICAL - 2022-11-09 09:02:03 --> include(cabecera_view): Failed to open stream: No such file or directory
in APPPATH\Views\at_lMutacion_view.php on line 5.
 1 APPPATH\Views\at_lMutacion_view.php(5): CodeIgniter\Debug\Exceptions->errorHandler(2, 'include(cabecera_view): Failed to open stream: No such file or directory', 'APPPATH\\Views\\at_lMutacion_view.php', 5)
 2 APPPATH\Views\at_lMutacion_view.php(5): include()
 3 SYSTEMPATH\View\View.php(213): include('APPPATH\\Views\\at_lMutacion_view.php')
 4 SYSTEMPATH\View\View.php(216): CodeIgniter\View\View->CodeIgniter\View\{closure}()
 5 SYSTEMPATH\Common.php(1134): CodeIgniter\View\View->render('at_lMutacion_view', [], true)
 6 APPPATH\Controllers\Home.php(10): view('at_lMutacion_view')
 7 SYSTEMPATH\CodeIgniter.php(927): App\Controllers\Home->index()
 8 SYSTEMPATH\CodeIgniter.php(482): CodeIgniter\CodeIgniter->runController(Object(App\Controllers\Home))
 9 SYSTEMPATH\CodeIgniter.php(351): CodeIgniter\CodeIgniter->handleRequest(null, Object(Config\Cache), false)
10 FCPATH\index.php(67): CodeIgniter\CodeIgniter->run()
CRITICAL - 2022-11-09 09:30:13 --> Undefined property: CodeIgniter\View\View::$session
in APPPATH\Views\cabecera_view.php on line 511.
 1 APPPATH\Views\cabecera_view.php(511): CodeIgniter\Debug\Exceptions->errorHandler(2, 'Undefined property: CodeIgniter\\View\\View::$session', 'APPPATH\\Views\\cabecera_view.php', 511)
 2 APPPATH\Views\at_lMutacion_view.php(5): include('APPPATH\\Views\\cabecera_view.php')
 3 SYSTEMPATH\View\View.php(213): include('APPPATH\\Views\\at_lMutacion_view.php')
 4 SYSTEMPATH\View\View.php(216): CodeIgniter\View\View->CodeIgniter\View\{closure}()
 5 SYSTEMPATH\Common.php(1134): CodeIgniter\View\View->render('at_lMutacion_view', [], true)
 6 APPPATH\Controllers\Home.php(10): view('at_lMutacion_view')
 7 SYSTEMPATH\CodeIgniter.php(927): App\Controllers\Home->index()
 8 SYSTEMPATH\CodeIgniter.php(482): CodeIgniter\CodeIgniter->runController(Object(App\Controllers\Home))
 9 SYSTEMPATH\CodeIgniter.php(351): CodeIgniter\CodeIgniter->handleRequest(null, Object(Config\Cache), false)
10 FCPATH\index.php(67): CodeIgniter\CodeIgniter->run()
CRITICAL - 2022-11-09 16:22:32 --> Undefined property: App\Controllers\Lider_mutacion::$load
in APPPATH\Controllers\Lider_mutacion.php on line 36.
 1 APPPATH\Controllers\Lider_mutacion.php(36): CodeIgniter\Debug\Exceptions->errorHandler(2, 'Undefined property: App\\Controllers\\Lider_mutacion::$load', 'APPPATH\\Controllers\\Lider_mutacion.php', 36)
 2 SYSTEMPATH\CodeIgniter.php(927): App\Controllers\Lider_mutacion->mostrar_tab()
 3 SYSTEMPATH\CodeIgniter.php(482): CodeIgniter\CodeIgniter->runController(Object(App\Controllers\Lider_mutacion))
 4 SYSTEMPATH\CodeIgniter.php(351): CodeIgniter\CodeIgniter->handleRequest(null, Object(Config\Cache), false)
 5 FCPATH\index.php(67): CodeIgniter\CodeIgniter->run()
 6 SYSTEMPATH\Commands\Server\rewrite.php(46): require_once('FCPATH\\index.php')
CRITICAL - 2022-11-09 16:23:05 --> Undefined property: App\Controllers\Lider_mutacion::$load
in APPPATH\Controllers\Lider_mutacion.php on line 36.
 1 APPPATH\Controllers\Lider_mutacion.php(36): CodeIgniter\Debug\Exceptions->errorHandler(2, 'Undefined property: App\\Controllers\\Lider_mutacion::$load', 'APPPATH\\Controllers\\Lider_mutacion.php', 36)
 2 SYSTEMPATH\CodeIgniter.php(927): App\Controllers\Lider_mutacion->mostrar_tab()
 3 SYSTEMPATH\CodeIgniter.php(482): CodeIgniter\CodeIgniter->runController(Object(App\Controllers\Lider_mutacion))
 4 SYSTEMPATH\CodeIgniter.php(351): CodeIgniter\CodeIgniter->handleRequest(null, Object(Config\Cache), false)
 5 FCPATH\index.php(67): CodeIgniter\CodeIgniter->run()
 6 SYSTEMPATH\Commands\Server\rewrite.php(46): require_once('FCPATH\\index.php')
CRITICAL - 2022-11-09 16:33:55 --> Undefined array key "vista"
in APPPATH\Controllers\Lider_mutacion.php on line 34.
 1 APPPATH\Controllers\Lider_mutacion.php(34): CodeIgniter\Debug\Exceptions->errorHandler(2, 'Undefined array key "vista"', 'APPPATH\\Controllers\\Lider_mutacion.php', 34)
 2 SYSTEMPATH\CodeIgniter.php(927): App\Controllers\Lider_mutacion->mostrar_tab()
 3 SYSTEMPATH\CodeIgniter.php(482): CodeIgniter\CodeIgniter->runController(Object(App\Controllers\Lider_mutacion))
 4 SYSTEMPATH\CodeIgniter.php(351): CodeIgniter\CodeIgniter->handleRequest(null, Object(Config\Cache), false)
 5 FCPATH\index.php(67): CodeIgniter\CodeIgniter->run()
 6 SYSTEMPATH\Commands\Server\rewrite.php(46): require_once('FCPATH\\index.php')
CRITICAL - 2022-11-09 16:34:55 --> Undefined array key "vista"
in APPPATH\Controllers\Lider_mutacion.php on line 34.
 1 APPPATH\Controllers\Lider_mutacion.php(34): CodeIgniter\Debug\Exceptions->errorHandler(2, 'Undefined array key "vista"', 'APPPATH\\Controllers\\Lider_mutacion.php', 34)
 2 SYSTEMPATH\CodeIgniter.php(927): App\Controllers\Lider_mutacion->mostrar_tab()
 3 SYSTEMPATH\CodeIgniter.php(482): CodeIgniter\CodeIgniter->runController(Object(App\Controllers\Lider_mutacion))
 4 SYSTEMPATH\CodeIgniter.php(351): CodeIgniter\CodeIgniter->handleRequest(null, Object(Config\Cache), false)
 5 FCPATH\index.php(67): CodeIgniter\CodeIgniter->run()
 6 SYSTEMPATH\Commands\Server\rewrite.php(46): require_once('FCPATH\\index.php')
