CRITICAL - 2022-11-10 09:21:30 --> Undefined property: CodeIgniter\View\View::$session
in APPPATH\Views\cabecera_view_d.php on line 2.
 1 APPPATH\Views\cabecera_view_d.php(2): CodeIgniter\Debug\Exceptions->errorHandler(2, 'Undefined property: CodeIgniter\\View\\View::$session', 'APPPATH\\Views\\cabecera_view_d.php', 2)
 2 SYSTEMPATH\View\View.php(213): include('APPPATH\\Views\\cabecera_view_d.php')
 3 SYSTEMPATH\View\View.php(216): CodeIgniter\View\View->CodeIgniter\View\{closure}()
 4 SYSTEMPATH\Common.php(1134): CodeIgniter\View\View->render('cabecera_view_d', [], true)
 5 APPPATH\Controllers\Director_mutacion.php(14): view('cabecera_view_d')
 6 SYSTEMPATH\CodeIgniter.php(927): App\Controllers\Director_mutacion->index()
 7 SYSTEMPATH\CodeIgniter.php(482): CodeIgniter\CodeIgniter->runController(Object(App\Controllers\Director_mutacion))
 8 SYSTEMPATH\CodeIgniter.php(351): CodeIgniter\CodeIgniter->handleRequest(null, Object(Config\Cache), false)
 9 FCPATH\index.php(67): CodeIgniter\CodeIgniter->run()
10 SYSTEMPATH\Commands\Server\rewrite.php(46): require_once('FCPATH\\index.php')
CRITICAL - 2022-11-10 09:26:11 --> Undefined property: CodeIgniter\View\View::$session
in APPPATH\Views\cabecera_view_d.php on line 2.
 1 APPPATH\Views\cabecera_view_d.php(2): CodeIgniter\Debug\Exceptions->errorHandler(2, 'Undefined property: CodeIgniter\\View\\View::$session', 'APPPATH\\Views\\cabecera_view_d.php', 2)
 2 SYSTEMPATH\View\View.php(213): include('APPPATH\\Views\\cabecera_view_d.php')
 3 SYSTEMPATH\View\View.php(216): CodeIgniter\View\View->CodeIgniter\View\{closure}()
 4 SYSTEMPATH\Common.php(1134): CodeIgniter\View\View->render('cabecera_view_d', [], true)
 5 APPPATH\Controllers\Director_mutacion.php(14): view('cabecera_view_d')
 6 SYSTEMPATH\CodeIgniter.php(927): App\Controllers\Director_mutacion->index()
 7 SYSTEMPATH\CodeIgniter.php(482): CodeIgniter\CodeIgniter->runController(Object(App\Controllers\Director_mutacion))
 8 SYSTEMPATH\CodeIgniter.php(351): CodeIgniter\CodeIgniter->handleRequest(null, Object(Config\Cache), false)
 9 FCPATH\index.php(67): CodeIgniter\CodeIgniter->run()
10 SYSTEMPATH\Commands\Server\rewrite.php(46): require_once('FCPATH\\index.php')
CRITICAL - 2022-11-10 09:28:40 --> Undefined property: CodeIgniter\View\View::$session
in APPPATH\Views\cabecera_view_d.php on line 2.
 1 APPPATH\Views\cabecera_view_d.php(2): CodeIgniter\Debug\Exceptions->errorHandler(2, 'Undefined property: CodeIgniter\\View\\View::$session', 'APPPATH\\Views\\cabecera_view_d.php', 2)
 2 SYSTEMPATH\View\View.php(213): include('APPPATH\\Views\\cabecera_view_d.php')
 3 SYSTEMPATH\View\View.php(216): CodeIgniter\View\View->CodeIgniter\View\{closure}()
 4 SYSTEMPATH\Common.php(1134): CodeIgniter\View\View->render('cabecera_view_d', [], true)
 5 APPPATH\Controllers\Director_mutacion.php(14): view('cabecera_view_d')
 6 SYSTEMPATH\CodeIgniter.php(927): App\Controllers\Director_mutacion->index()
 7 SYSTEMPATH\CodeIgniter.php(482): CodeIgniter\CodeIgniter->runController(Object(App\Controllers\Director_mutacion))
 8 SYSTEMPATH\CodeIgniter.php(351): CodeIgniter\CodeIgniter->handleRequest(null, Object(Config\Cache), false)
 9 FCPATH\index.php(67): CodeIgniter\CodeIgniter->run()
10 SYSTEMPATH\Commands\Server\rewrite.php(46): require_once('FCPATH\\index.php')
CRITICAL - 2022-11-10 09:44:03 --> Undefined property: CodeIgniter\View\View::$session
in APPPATH\Views\cabecera_view_d.php on line 309.
 1 APPPATH\Views\cabecera_view_d.php(309): CodeIgniter\Debug\Exceptions->errorHandler(2, 'Undefined property: CodeIgniter\\View\\View::$session', 'APPPATH\\Views\\cabecera_view_d.php', 309)
 2 SYSTEMPATH\View\View.php(213): include('APPPATH\\Views\\cabecera_view_d.php')
 3 SYSTEMPATH\View\View.php(216): CodeIgniter\View\View->CodeIgniter\View\{closure}()
 4 SYSTEMPATH\Common.php(1134): CodeIgniter\View\View->render('cabecera_view_d', [], true)
 5 APPPATH\Controllers\Director_mutacion.php(14): view('cabecera_view_d')
 6 SYSTEMPATH\CodeIgniter.php(927): App\Controllers\Director_mutacion->index()
 7 SYSTEMPATH\CodeIgniter.php(482): CodeIgniter\CodeIgniter->runController(Object(App\Controllers\Director_mutacion))
 8 SYSTEMPATH\CodeIgniter.php(351): CodeIgniter\CodeIgniter->handleRequest(null, Object(Config\Cache), false)
 9 FCPATH\index.php(67): CodeIgniter\CodeIgniter->run()
10 SYSTEMPATH\Commands\Server\rewrite.php(46): require_once('FCPATH\\index.php')
CRITICAL - 2022-11-10 09:44:13 --> Undefined property: CodeIgniter\View\View::$session
in APPPATH\Views\cabecera_view_d.php on line 309.
 1 APPPATH\Views\cabecera_view_d.php(309): CodeIgniter\Debug\Exceptions->errorHandler(2, 'Undefined property: CodeIgniter\\View\\View::$session', 'APPPATH\\Views\\cabecera_view_d.php', 309)
 2 SYSTEMPATH\View\View.php(213): include('APPPATH\\Views\\cabecera_view_d.php')
 3 SYSTEMPATH\View\View.php(216): CodeIgniter\View\View->CodeIgniter\View\{closure}()
 4 SYSTEMPATH\Common.php(1134): CodeIgniter\View\View->render('cabecera_view_d', [], true)
 5 APPPATH\Controllers\Director_mutacion.php(14): view('cabecera_view_d')
 6 SYSTEMPATH\CodeIgniter.php(927): App\Controllers\Director_mutacion->index()
 7 SYSTEMPATH\CodeIgniter.php(482): CodeIgniter\CodeIgniter->runController(Object(App\Controllers\Director_mutacion))
 8 SYSTEMPATH\CodeIgniter.php(351): CodeIgniter\CodeIgniter->handleRequest(null, Object(Config\Cache), false)
 9 FCPATH\index.php(67): CodeIgniter\CodeIgniter->run()
10 SYSTEMPATH\Commands\Server\rewrite.php(46): require_once('FCPATH\\index.php')
CRITICAL - 2022-11-10 09:47:44 --> Undefined property: CodeIgniter\View\View::$session
in APPPATH\Views\cabecera_view_d.php on line 309.
 1 APPPATH\Views\cabecera_view_d.php(309): CodeIgniter\Debug\Exceptions->errorHandler(2, 'Undefined property: CodeIgniter\\View\\View::$session', 'APPPATH\\Views\\cabecera_view_d.php', 309)
 2 SYSTEMPATH\View\View.php(213): include('APPPATH\\Views\\cabecera_view_d.php')
 3 SYSTEMPATH\View\View.php(216): CodeIgniter\View\View->CodeIgniter\View\{closure}()
 4 SYSTEMPATH\Common.php(1134): CodeIgniter\View\View->render('cabecera_view_d', [], true)
 5 APPPATH\Controllers\Director_mutacion.php(14): view('cabecera_view_d')
 6 SYSTEMPATH\CodeIgniter.php(927): App\Controllers\Director_mutacion->index()
 7 SYSTEMPATH\CodeIgniter.php(482): CodeIgniter\CodeIgniter->runController(Object(App\Controllers\Director_mutacion))
 8 SYSTEMPATH\CodeIgniter.php(351): CodeIgniter\CodeIgniter->handleRequest(null, Object(Config\Cache), false)
 9 FCPATH\index.php(67): CodeIgniter\CodeIgniter->run()
10 SYSTEMPATH\Commands\Server\rewrite.php(46): require_once('FCPATH\\index.php')
CRITICAL - 2022-11-10 10:30:56 --> Undefined property: CodeIgniter\View\View::$session
in APPPATH\Views\cabecera_view_ac.php on line 2.
 1 APPPATH\Views\cabecera_view_ac.php(2): CodeIgniter\Debug\Exceptions->errorHandler(2, 'Undefined property: CodeIgniter\\View\\View::$session', 'APPPATH\\Views\\cabecera_view_ac.php', 2)
 2 SYSTEMPATH\View\View.php(213): include('APPPATH\\Views\\cabecera_view_ac.php')
 3 SYSTEMPATH\View\View.php(216): CodeIgniter\View\View->CodeIgniter\View\{closure}()
 4 SYSTEMPATH\Common.php(1134): CodeIgniter\View\View->render('cabecera_view_ac', [], true)
 5 APPPATH\Controllers\Analista_cartografico.php(15): view('cabecera_view_ac')
 6 SYSTEMPATH\CodeIgniter.php(927): App\Controllers\Analista_cartografico->index()
 7 SYSTEMPATH\CodeIgniter.php(482): CodeIgniter\CodeIgniter->runController(Object(App\Controllers\Analista_cartografico))
 8 SYSTEMPATH\CodeIgniter.php(351): CodeIgniter\CodeIgniter->handleRequest(null, Object(Config\Cache), false)
 9 FCPATH\index.php(67): CodeIgniter\CodeIgniter->run()
10 SYSTEMPATH\Commands\Server\rewrite.php(46): require_once('FCPATH\\index.php')
CRITICAL - 2022-11-10 10:32:50 --> Undefined property: CodeIgniter\View\View::$session
in APPPATH\Views\cabecera_view_ac.php on line 2.
 1 APPPATH\Views\cabecera_view_ac.php(2): CodeIgniter\Debug\Exceptions->errorHandler(2, 'Undefined property: CodeIgniter\\View\\View::$session', 'APPPATH\\Views\\cabecera_view_ac.php', 2)
 2 SYSTEMPATH\View\View.php(213): include('APPPATH\\Views\\cabecera_view_ac.php')
 3 SYSTEMPATH\View\View.php(216): CodeIgniter\View\View->CodeIgniter\View\{closure}()
 4 SYSTEMPATH\Common.php(1134): CodeIgniter\View\View->render('cabecera_view_ac', [], true)
 5 APPPATH\Controllers\Analista_cartografico.php(15): view('cabecera_view_ac')
 6 SYSTEMPATH\CodeIgniter.php(927): App\Controllers\Analista_cartografico->index()
 7 SYSTEMPATH\CodeIgniter.php(482): CodeIgniter\CodeIgniter->runController(Object(App\Controllers\Analista_cartografico))
 8 SYSTEMPATH\CodeIgniter.php(351): CodeIgniter\CodeIgniter->handleRequest(null, Object(Config\Cache), false)
 9 FCPATH\index.php(67): CodeIgniter\CodeIgniter->run()
10 SYSTEMPATH\Commands\Server\rewrite.php(46): require_once('FCPATH\\index.php')
CRITICAL - 2022-11-10 11:03:48 --> Class "App\Controllers\BaseController" not found
in APPPATH\Controllers\Home.php on line 5.
 1 SYSTEMPATH\Autoloader\Autoloader.php(282): include_once()
 2 SYSTEMPATH\Autoloader\Autoloader.php(259): CodeIgniter\Autoloader\Autoloader->includeFile('APPPATH\\Controllers\\Home.php')
 3 SYSTEMPATH\Autoloader\Autoloader.php(237): CodeIgniter\Autoloader\Autoloader->loadInNamespace('App\\Controllers\\Home')
 4 [internal function]: CodeIgniter\Autoloader\Autoloader->loadClass('App\\Controllers\\Home')
 5 SYSTEMPATH\CodeIgniter.php(877): class_exists('\\App\\Controllers\\Home', true)
 6 SYSTEMPATH\CodeIgniter.php(469): CodeIgniter\CodeIgniter->startController()
 7 SYSTEMPATH\CodeIgniter.php(351): CodeIgniter\CodeIgniter->handleRequest(null, Object(Config\Cache), false)
 8 FCPATH\index.php(67): CodeIgniter\CodeIgniter->run()
 9 SYSTEMPATH\Commands\Server\rewrite.php(46): require_once('FCPATH\\index.php')
