ERROR - 2022-11-14 14:35:18 --> Error connecting to the database: mysqli_sql_exception: No se puede establecer una conexión ya que el equipo de destino denegó expresamente dicha conexión in C:\xampp ult\htdocs\tareas\system\Database\MySQLi\Connection.php:171
Stack trace:
#0 C:\xampp ult\htdocs\tareas\system\Database\MySQLi\Connection.php(171): mysqli->real_connect('localhost', 'root', '', 'prediumtechtare...', 3306, '', 0)
#1 C:\xampp ult\htdocs\tareas\system\Database\BaseConnection.php(382): CodeIgniter\Database\MySQLi\Connection->connect(false)
#2 C:\xampp ult\htdocs\tareas\system\Database\BaseConnection.php(561): CodeIgniter\Database\BaseConnection->initialize()
#3 C:\xampp ult\htdocs\tareas\system\Database\BaseBuilder.php(1585): CodeIgniter\Database\BaseConnection->query('SELECT *\nFROM `...', Array, false)
#4 C:\xampp ult\htdocs\tareas\system\Model.php(223): CodeIgniter\Database\BaseBuilder->get()
#5 C:\xampp ult\htdocs\tareas\system\BaseModel.php(585): CodeIgniter\Model->doFindAll(0, 0)
#6 C:\xampp ult\htdocs\tareas\app\Models\Lmutacion_model.php(13): CodeIgniter\BaseModel->findAll()
#7 C:\xampp ult\htdocs\tareas\app\Controllers\Lmutacion.php(16): App\Models\Lmutacion_model->get()
#8 C:\xampp ult\htdocs\tareas\system\CodeIgniter.php(927): App\Controllers\Lmutacion->index()
#9 C:\xampp ult\htdocs\tareas\system\CodeIgniter.php(482): CodeIgniter\CodeIgniter->runController(Object(App\Controllers\Lmutacion))
#10 C:\xampp ult\htdocs\tareas\system\CodeIgniter.php(351): CodeIgniter\CodeIgniter->handleRequest(NULL, Object(Config\Cache), false)
#11 C:\xampp ult\htdocs\tareas\public\index.php(67): CodeIgniter\CodeIgniter->run()
#12 C:\xampp ult\htdocs\tareas\system\Commands\Server\rewrite.php(46): require_once('C:\\xampp ult\\ht...')
#13 {main}

Next CodeIgniter\Database\Exceptions\DatabaseException: No se puede establecer una conexión ya que el equipo de destino denegó expresamente dicha conexión in C:\xampp ult\htdocs\tareas\system\Database\MySQLi\Connection.php:215
Stack trace:
#0 C:\xampp ult\htdocs\tareas\system\Database\BaseConnection.php(382): CodeIgniter\Database\MySQLi\Connection->connect(false)
#1 C:\xampp ult\htdocs\tareas\system\Database\BaseConnection.php(561): CodeIgniter\Database\BaseConnection->initialize()
#2 C:\xampp ult\htdocs\tareas\system\Database\BaseBuilder.php(1585): CodeIgniter\Database\BaseConnection->query('SELECT *\nFROM `...', Array, false)
#3 C:\xampp ult\htdocs\tareas\system\Model.php(223): CodeIgniter\Database\BaseBuilder->get()
#4 C:\xampp ult\htdocs\tareas\system\BaseModel.php(585): CodeIgniter\Model->doFindAll(0, 0)
#5 C:\xampp ult\htdocs\tareas\app\Models\Lmutacion_model.php(13): CodeIgniter\BaseModel->findAll()
#6 C:\xampp ult\htdocs\tareas\app\Controllers\Lmutacion.php(16): App\Models\Lmutacion_model->get()
#7 C:\xampp ult\htdocs\tareas\system\CodeIgniter.php(927): App\Controllers\Lmutacion->index()
#8 C:\xampp ult\htdocs\tareas\system\CodeIgniter.php(482): CodeIgniter\CodeIgniter->runController(Object(App\Controllers\Lmutacion))
#9 C:\xampp ult\htdocs\tareas\system\CodeIgniter.php(351): CodeIgniter\CodeIgniter->handleRequest(NULL, Object(Config\Cache), false)
#10 C:\xampp ult\htdocs\tareas\public\index.php(67): CodeIgniter\CodeIgniter->run()
#11 C:\xampp ult\htdocs\tareas\system\Commands\Server\rewrite.php(46): require_once('C:\\xampp ult\\ht...')
#12 {main}
CRITICAL - 2022-11-14 14:35:18 --> Unable to connect to the database.
Main connection [MySQLi]: No se puede establecer una conexión ya que el equipo de destino denegó expresamente dicha conexión
in SYSTEMPATH\Database\BaseConnection.php on line 418.
 1 SYSTEMPATH\Database\BaseConnection.php(561): CodeIgniter\Database\BaseConnection->initialize()
 2 SYSTEMPATH\Database\BaseBuilder.php(1585): CodeIgniter\Database\BaseConnection->query('SELECT *
FROM `lmutacion_radicaciones`', [], false)
 3 SYSTEMPATH\Model.php(223): CodeIgniter\Database\BaseBuilder->get()
 4 SYSTEMPATH\BaseModel.php(585): CodeIgniter\Model->doFindAll(0, 0)
 5 APPPATH\Models\Lmutacion_model.php(13): CodeIgniter\BaseModel->findAll()
 6 APPPATH\Controllers\Lmutacion.php(16): App\Models\Lmutacion_model->get()
 7 SYSTEMPATH\CodeIgniter.php(927): App\Controllers\Lmutacion->index()
 8 SYSTEMPATH\CodeIgniter.php(482): CodeIgniter\CodeIgniter->runController(Object(App\Controllers\Lmutacion))
 9 SYSTEMPATH\CodeIgniter.php(351): CodeIgniter\CodeIgniter->handleRequest(null, Object(Config\Cache), false)
10 FCPATH\index.php(67): CodeIgniter\CodeIgniter->run()
11 SYSTEMPATH\Commands\Server\rewrite.php(46): require_once('FCPATH\\index.php')
ERROR - 2022-11-14 14:35:50 --> Error connecting to the database: mysqli_sql_exception: No se puede establecer una conexión ya que el equipo de destino denegó expresamente dicha conexión in C:\xampp ult\htdocs\tareas\system\Database\MySQLi\Connection.php:171
Stack trace:
#0 C:\xampp ult\htdocs\tareas\system\Database\MySQLi\Connection.php(171): mysqli->real_connect('localhost', 'root', '', 'prediumtechtare...', 3306, '', 0)
#1 C:\xampp ult\htdocs\tareas\system\Database\BaseConnection.php(382): CodeIgniter\Database\MySQLi\Connection->connect(false)
#2 C:\xampp ult\htdocs\tareas\system\Database\BaseConnection.php(561): CodeIgniter\Database\BaseConnection->initialize()
#3 C:\xampp ult\htdocs\tareas\system\Database\BaseBuilder.php(1585): CodeIgniter\Database\BaseConnection->query('SELECT *\nFROM `...', Array, false)
#4 C:\xampp ult\htdocs\tareas\system\Model.php(223): CodeIgniter\Database\BaseBuilder->get()
#5 C:\xampp ult\htdocs\tareas\system\BaseModel.php(585): CodeIgniter\Model->doFindAll(0, 0)
#6 C:\xampp ult\htdocs\tareas\app\Models\Lmutacion_model.php(13): CodeIgniter\BaseModel->findAll()
#7 C:\xampp ult\htdocs\tareas\app\Controllers\Lmutacion.php(16): App\Models\Lmutacion_model->get()
#8 C:\xampp ult\htdocs\tareas\system\CodeIgniter.php(927): App\Controllers\Lmutacion->index()
#9 C:\xampp ult\htdocs\tareas\system\CodeIgniter.php(482): CodeIgniter\CodeIgniter->runController(Object(App\Controllers\Lmutacion))
#10 C:\xampp ult\htdocs\tareas\system\CodeIgniter.php(351): CodeIgniter\CodeIgniter->handleRequest(NULL, Object(Config\Cache), false)
#11 C:\xampp ult\htdocs\tareas\public\index.php(67): CodeIgniter\CodeIgniter->run()
#12 C:\xampp ult\htdocs\tareas\system\Commands\Server\rewrite.php(46): require_once('C:\\xampp ult\\ht...')
#13 {main}

Next CodeIgniter\Database\Exceptions\DatabaseException: No se puede establecer una conexión ya que el equipo de destino denegó expresamente dicha conexión in C:\xampp ult\htdocs\tareas\system\Database\MySQLi\Connection.php:215
Stack trace:
#0 C:\xampp ult\htdocs\tareas\system\Database\BaseConnection.php(382): CodeIgniter\Database\MySQLi\Connection->connect(false)
#1 C:\xampp ult\htdocs\tareas\system\Database\BaseConnection.php(561): CodeIgniter\Database\BaseConnection->initialize()
#2 C:\xampp ult\htdocs\tareas\system\Database\BaseBuilder.php(1585): CodeIgniter\Database\BaseConnection->query('SELECT *\nFROM `...', Array, false)
#3 C:\xampp ult\htdocs\tareas\system\Model.php(223): CodeIgniter\Database\BaseBuilder->get()
#4 C:\xampp ult\htdocs\tareas\system\BaseModel.php(585): CodeIgniter\Model->doFindAll(0, 0)
#5 C:\xampp ult\htdocs\tareas\app\Models\Lmutacion_model.php(13): CodeIgniter\BaseModel->findAll()
#6 C:\xampp ult\htdocs\tareas\app\Controllers\Lmutacion.php(16): App\Models\Lmutacion_model->get()
#7 C:\xampp ult\htdocs\tareas\system\CodeIgniter.php(927): App\Controllers\Lmutacion->index()
#8 C:\xampp ult\htdocs\tareas\system\CodeIgniter.php(482): CodeIgniter\CodeIgniter->runController(Object(App\Controllers\Lmutacion))
#9 C:\xampp ult\htdocs\tareas\system\CodeIgniter.php(351): CodeIgniter\CodeIgniter->handleRequest(NULL, Object(Config\Cache), false)
#10 C:\xampp ult\htdocs\tareas\public\index.php(67): CodeIgniter\CodeIgniter->run()
#11 C:\xampp ult\htdocs\tareas\system\Commands\Server\rewrite.php(46): require_once('C:\\xampp ult\\ht...')
#12 {main}
CRITICAL - 2022-11-14 14:35:50 --> Unable to connect to the database.
Main connection [MySQLi]: No se puede establecer una conexión ya que el equipo de destino denegó expresamente dicha conexión
in SYSTEMPATH\Database\BaseConnection.php on line 418.
 1 SYSTEMPATH\Database\BaseConnection.php(561): CodeIgniter\Database\BaseConnection->initialize()
 2 SYSTEMPATH\Database\BaseBuilder.php(1585): CodeIgniter\Database\BaseConnection->query('SELECT *
FROM `lmutacion_radicaciones`', [], false)
 3 SYSTEMPATH\Model.php(223): CodeIgniter\Database\BaseBuilder->get()
 4 SYSTEMPATH\BaseModel.php(585): CodeIgniter\Model->doFindAll(0, 0)
 5 APPPATH\Models\Lmutacion_model.php(13): CodeIgniter\BaseModel->findAll()
 6 APPPATH\Controllers\Lmutacion.php(16): App\Models\Lmutacion_model->get()
 7 SYSTEMPATH\CodeIgniter.php(927): App\Controllers\Lmutacion->index()
 8 SYSTEMPATH\CodeIgniter.php(482): CodeIgniter\CodeIgniter->runController(Object(App\Controllers\Lmutacion))
 9 SYSTEMPATH\CodeIgniter.php(351): CodeIgniter\CodeIgniter->handleRequest(null, Object(Config\Cache), false)
10 FCPATH\index.php(67): CodeIgniter\CodeIgniter->run()
11 SYSTEMPATH\Commands\Server\rewrite.php(46): require_once('FCPATH\\index.php')
CRITICAL - 2022-11-14 15:17:39 --> Undefined variable $radicaciones
in APPPATH\Views\be_lMutacion_view.php on line 21.
 1 APPPATH\Views\be_lMutacion_view.php(21): CodeIgniter\Debug\Exceptions->errorHandler(2, 'Undefined variable $radicaciones', 'APPPATH\\Views\\be_lMutacion_view.php', 21)
 2 SYSTEMPATH\View\View.php(213): include('APPPATH\\Views\\be_lMutacion_view.php')
 3 SYSTEMPATH\View\View.php(216): CodeIgniter\View\View->CodeIgniter\View\{closure}()
 4 SYSTEMPATH\Common.php(1134): CodeIgniter\View\View->render('be_lMutacion_view', [], true)
 5 APPPATH\Controllers\Lider_mutacion.php(26): view('be_lMutacion_view')
 6 SYSTEMPATH\CodeIgniter.php(927): App\Controllers\Lider_mutacion->mostrar_tab()
 7 SYSTEMPATH\CodeIgniter.php(482): CodeIgniter\CodeIgniter->runController(Object(App\Controllers\Lider_mutacion))
 8 SYSTEMPATH\CodeIgniter.php(351): CodeIgniter\CodeIgniter->handleRequest(null, Object(Config\Cache), false)
 9 FCPATH\index.php(67): CodeIgniter\CodeIgniter->run()
10 SYSTEMPATH\Commands\Server\rewrite.php(46): require_once('FCPATH\\index.php')
CRITICAL - 2022-11-14 15:20:08 --> Undefined variable $radicaciones
in APPPATH\Views\be_lMutacion_view.php on line 21.
 1 APPPATH\Views\be_lMutacion_view.php(21): CodeIgniter\Debug\Exceptions->errorHandler(2, 'Undefined variable $radicaciones', 'APPPATH\\Views\\be_lMutacion_view.php', 21)
 2 SYSTEMPATH\View\View.php(213): include('APPPATH\\Views\\be_lMutacion_view.php')
 3 SYSTEMPATH\View\View.php(216): CodeIgniter\View\View->CodeIgniter\View\{closure}()
 4 SYSTEMPATH\Common.php(1134): CodeIgniter\View\View->render('be_lMutacion_view', [], true)
 5 APPPATH\Controllers\Lider_mutacion.php(26): view('be_lMutacion_view')
 6 SYSTEMPATH\CodeIgniter.php(927): App\Controllers\Lider_mutacion->mostrar_tab()
 7 SYSTEMPATH\CodeIgniter.php(482): CodeIgniter\CodeIgniter->runController(Object(App\Controllers\Lider_mutacion))
 8 SYSTEMPATH\CodeIgniter.php(351): CodeIgniter\CodeIgniter->handleRequest(null, Object(Config\Cache), false)
 9 FCPATH\index.php(67): CodeIgniter\CodeIgniter->run()
10 SYSTEMPATH\Commands\Server\rewrite.php(46): require_once('FCPATH\\index.php')
CRITICAL - 2022-11-14 15:21:04 --> Undefined variable $radicaciones
in APPPATH\Views\be_lMutacion_view.php on line 21.
 1 APPPATH\Views\be_lMutacion_view.php(21): CodeIgniter\Debug\Exceptions->errorHandler(2, 'Undefined variable $radicaciones', 'APPPATH\\Views\\be_lMutacion_view.php', 21)
 2 SYSTEMPATH\View\View.php(213): include('APPPATH\\Views\\be_lMutacion_view.php')
 3 SYSTEMPATH\View\View.php(216): CodeIgniter\View\View->CodeIgniter\View\{closure}()
 4 SYSTEMPATH\Common.php(1134): CodeIgniter\View\View->render('be_lMutacion_view', [], true)
 5 APPPATH\Controllers\Lider_mutacion.php(26): view('be_lMutacion_view')
 6 SYSTEMPATH\CodeIgniter.php(927): App\Controllers\Lider_mutacion->mostrar_tab()
 7 SYSTEMPATH\CodeIgniter.php(482): CodeIgniter\CodeIgniter->runController(Object(App\Controllers\Lider_mutacion))
 8 SYSTEMPATH\CodeIgniter.php(351): CodeIgniter\CodeIgniter->handleRequest(null, Object(Config\Cache), false)
 9 FCPATH\index.php(67): CodeIgniter\CodeIgniter->run()
10 SYSTEMPATH\Commands\Server\rewrite.php(46): require_once('FCPATH\\index.php')
CRITICAL - 2022-11-14 15:21:44 --> Undefined variable $radicaciones
in APPPATH\Views\be_lMutacion_view.php on line 21.
 1 APPPATH\Views\be_lMutacion_view.php(21): CodeIgniter\Debug\Exceptions->errorHandler(2, 'Undefined variable $radicaciones', 'APPPATH\\Views\\be_lMutacion_view.php', 21)
 2 SYSTEMPATH\View\View.php(213): include('APPPATH\\Views\\be_lMutacion_view.php')
 3 SYSTEMPATH\View\View.php(216): CodeIgniter\View\View->CodeIgniter\View\{closure}()
 4 SYSTEMPATH\Common.php(1134): CodeIgniter\View\View->render('be_lMutacion_view', [], true)
 5 APPPATH\Controllers\Lider_mutacion.php(26): view('be_lMutacion_view')
 6 SYSTEMPATH\CodeIgniter.php(927): App\Controllers\Lider_mutacion->mostrar_tab()
 7 SYSTEMPATH\CodeIgniter.php(482): CodeIgniter\CodeIgniter->runController(Object(App\Controllers\Lider_mutacion))
 8 SYSTEMPATH\CodeIgniter.php(351): CodeIgniter\CodeIgniter->handleRequest(null, Object(Config\Cache), false)
 9 FCPATH\index.php(67): CodeIgniter\CodeIgniter->run()
10 SYSTEMPATH\Commands\Server\rewrite.php(46): require_once('FCPATH\\index.php')
CRITICAL - 2022-11-14 15:22:32 --> Undefined variable $radicaciones
in APPPATH\Views\be_lMutacion_view.php on line 21.
 1 APPPATH\Views\be_lMutacion_view.php(21): CodeIgniter\Debug\Exceptions->errorHandler(2, 'Undefined variable $radicaciones', 'APPPATH\\Views\\be_lMutacion_view.php', 21)
 2 SYSTEMPATH\View\View.php(213): include('APPPATH\\Views\\be_lMutacion_view.php')
 3 SYSTEMPATH\View\View.php(216): CodeIgniter\View\View->CodeIgniter\View\{closure}()
 4 SYSTEMPATH\Common.php(1134): CodeIgniter\View\View->render('be_lMutacion_view', [], true)
 5 APPPATH\Controllers\Lider_mutacion.php(26): view('be_lMutacion_view')
 6 SYSTEMPATH\CodeIgniter.php(927): App\Controllers\Lider_mutacion->mostrar_tab()
 7 SYSTEMPATH\CodeIgniter.php(482): CodeIgniter\CodeIgniter->runController(Object(App\Controllers\Lider_mutacion))
 8 SYSTEMPATH\CodeIgniter.php(351): CodeIgniter\CodeIgniter->handleRequest(null, Object(Config\Cache), false)
 9 FCPATH\index.php(67): CodeIgniter\CodeIgniter->run()
10 SYSTEMPATH\Commands\Server\rewrite.php(46): require_once('FCPATH\\index.php')
CRITICAL - 2022-11-14 15:24:39 --> Undefined variable $radicaciones
in APPPATH\Views\be_lMutacion_view.php on line 21.
 1 APPPATH\Views\be_lMutacion_view.php(21): CodeIgniter\Debug\Exceptions->errorHandler(2, 'Undefined variable $radicaciones', 'APPPATH\\Views\\be_lMutacion_view.php', 21)
 2 SYSTEMPATH\View\View.php(213): include('APPPATH\\Views\\be_lMutacion_view.php')
 3 SYSTEMPATH\View\View.php(216): CodeIgniter\View\View->CodeIgniter\View\{closure}()
 4 SYSTEMPATH\Common.php(1134): CodeIgniter\View\View->render('be_lMutacion_view', [], true)
 5 APPPATH\Controllers\Lider_mutacion.php(26): view('be_lMutacion_view')
 6 SYSTEMPATH\CodeIgniter.php(927): App\Controllers\Lider_mutacion->mostrar_tab()
 7 SYSTEMPATH\CodeIgniter.php(482): CodeIgniter\CodeIgniter->runController(Object(App\Controllers\Lider_mutacion))
 8 SYSTEMPATH\CodeIgniter.php(351): CodeIgniter\CodeIgniter->handleRequest(null, Object(Config\Cache), false)
 9 FCPATH\index.php(67): CodeIgniter\CodeIgniter->run()
10 SYSTEMPATH\Commands\Server\rewrite.php(46): require_once('FCPATH\\index.php')
CRITICAL - 2022-11-14 15:26:06 --> Undefined variable $radicaciones
in APPPATH\Views\be_lMutacion_view.php on line 21.
 1 APPPATH\Views\be_lMutacion_view.php(21): CodeIgniter\Debug\Exceptions->errorHandler(2, 'Undefined variable $radicaciones', 'APPPATH\\Views\\be_lMutacion_view.php', 21)
 2 SYSTEMPATH\View\View.php(213): include('APPPATH\\Views\\be_lMutacion_view.php')
 3 SYSTEMPATH\View\View.php(216): CodeIgniter\View\View->CodeIgniter\View\{closure}()
 4 SYSTEMPATH\Common.php(1134): CodeIgniter\View\View->render('be_lMutacion_view', [], true)
 5 APPPATH\Controllers\Lider_mutacion.php(26): view('be_lMutacion_view')
 6 SYSTEMPATH\CodeIgniter.php(927): App\Controllers\Lider_mutacion->mostrar_tab()
 7 SYSTEMPATH\CodeIgniter.php(482): CodeIgniter\CodeIgniter->runController(Object(App\Controllers\Lider_mutacion))
 8 SYSTEMPATH\CodeIgniter.php(351): CodeIgniter\CodeIgniter->handleRequest(null, Object(Config\Cache), false)
 9 FCPATH\index.php(67): CodeIgniter\CodeIgniter->run()
10 SYSTEMPATH\Commands\Server\rewrite.php(46): require_once('FCPATH\\index.php')
CRITICAL - 2022-11-14 15:29:12 --> Undefined variable $radicaciones
in APPPATH\Views\be_lMutacion_view.php on line 21.
 1 APPPATH\Views\be_lMutacion_view.php(21): CodeIgniter\Debug\Exceptions->errorHandler(2, 'Undefined variable $radicaciones', 'APPPATH\\Views\\be_lMutacion_view.php', 21)
 2 SYSTEMPATH\View\View.php(213): include('APPPATH\\Views\\be_lMutacion_view.php')
 3 SYSTEMPATH\View\View.php(216): CodeIgniter\View\View->CodeIgniter\View\{closure}()
 4 SYSTEMPATH\Common.php(1134): CodeIgniter\View\View->render('be_lMutacion_view', [], true)
 5 APPPATH\Controllers\Lider_mutacion.php(26): view('be_lMutacion_view')
 6 SYSTEMPATH\CodeIgniter.php(927): App\Controllers\Lider_mutacion->mostrar_tab()
 7 SYSTEMPATH\CodeIgniter.php(482): CodeIgniter\CodeIgniter->runController(Object(App\Controllers\Lider_mutacion))
 8 SYSTEMPATH\CodeIgniter.php(351): CodeIgniter\CodeIgniter->handleRequest(null, Object(Config\Cache), false)
 9 FCPATH\index.php(67): CodeIgniter\CodeIgniter->run()
10 SYSTEMPATH\Commands\Server\rewrite.php(46): require_once('FCPATH\\index.php')
CRITICAL - 2022-11-14 17:15:23 --> Object of class CodeIgniter\HTTP\Response could not be converted to string
in APPPATH\Controllers\Lmutacion.php on line 18.
 1 SYSTEMPATH\CodeIgniter.php(927): App\Controllers\Lmutacion->index()
 2 SYSTEMPATH\CodeIgniter.php(482): CodeIgniter\CodeIgniter->runController(Object(App\Controllers\Lmutacion))
 3 SYSTEMPATH\CodeIgniter.php(351): CodeIgniter\CodeIgniter->handleRequest(null, Object(Config\Cache), false)
 4 FCPATH\index.php(67): CodeIgniter\CodeIgniter->run()
 5 SYSTEMPATH\Commands\Server\rewrite.php(46): require_once('FCPATH\\index.php')
CRITICAL - 2022-11-14 17:15:47 --> Object of class CodeIgniter\HTTP\Response could not be converted to string
in APPPATH\Controllers\Lmutacion.php on line 18.
 1 SYSTEMPATH\CodeIgniter.php(927): App\Controllers\Lmutacion->index()
 2 SYSTEMPATH\CodeIgniter.php(482): CodeIgniter\CodeIgniter->runController(Object(App\Controllers\Lmutacion))
 3 SYSTEMPATH\CodeIgniter.php(351): CodeIgniter\CodeIgniter->handleRequest(null, Object(Config\Cache), false)
 4 FCPATH\index.php(67): CodeIgniter\CodeIgniter->run()
 5 SYSTEMPATH\Commands\Server\rewrite.php(46): require_once('FCPATH\\index.php')
CRITICAL - 2022-11-14 17:15:49 --> Object of class CodeIgniter\HTTP\Response could not be converted to string
in APPPATH\Controllers\Lmutacion.php on line 18.
 1 SYSTEMPATH\CodeIgniter.php(927): App\Controllers\Lmutacion->index()
 2 SYSTEMPATH\CodeIgniter.php(482): CodeIgniter\CodeIgniter->runController(Object(App\Controllers\Lmutacion))
 3 SYSTEMPATH\CodeIgniter.php(351): CodeIgniter\CodeIgniter->handleRequest(null, Object(Config\Cache), false)
 4 FCPATH\index.php(67): CodeIgniter\CodeIgniter->run()
 5 SYSTEMPATH\Commands\Server\rewrite.php(46): require_once('FCPATH\\index.php')
CRITICAL - 2022-11-14 17:15:53 --> Object of class CodeIgniter\HTTP\Response could not be converted to string
in APPPATH\Controllers\Lmutacion.php on line 18.
 1 SYSTEMPATH\CodeIgniter.php(927): App\Controllers\Lmutacion->index()
 2 SYSTEMPATH\CodeIgniter.php(482): CodeIgniter\CodeIgniter->runController(Object(App\Controllers\Lmutacion))
 3 SYSTEMPATH\CodeIgniter.php(351): CodeIgniter\CodeIgniter->handleRequest(null, Object(Config\Cache), false)
 4 FCPATH\index.php(67): CodeIgniter\CodeIgniter->run()
 5 SYSTEMPATH\Commands\Server\rewrite.php(46): require_once('FCPATH\\index.php')
CRITICAL - 2022-11-14 17:16:17 --> Object of class CodeIgniter\HTTP\Response could not be converted to string
in APPPATH\Controllers\Lmutacion.php on line 20.
 1 SYSTEMPATH\CodeIgniter.php(927): App\Controllers\Lmutacion->index()
 2 SYSTEMPATH\CodeIgniter.php(482): CodeIgniter\CodeIgniter->runController(Object(App\Controllers\Lmutacion))
 3 SYSTEMPATH\CodeIgniter.php(351): CodeIgniter\CodeIgniter->handleRequest(null, Object(Config\Cache), false)
 4 FCPATH\index.php(67): CodeIgniter\CodeIgniter->run()
 5 SYSTEMPATH\Commands\Server\rewrite.php(46): require_once('FCPATH\\index.php')
CRITICAL - 2022-11-14 20:53:19 --> Object of class CodeIgniter\HTTP\Response could not be converted to string
in APPPATH\Controllers\Lmutacion.php on line 18.
 1 SYSTEMPATH\CodeIgniter.php(927): App\Controllers\Lmutacion->index()
 2 SYSTEMPATH\CodeIgniter.php(482): CodeIgniter\CodeIgniter->runController(Object(App\Controllers\Lmutacion))
 3 SYSTEMPATH\CodeIgniter.php(351): CodeIgniter\CodeIgniter->handleRequest(null, Object(Config\Cache), false)
 4 FCPATH\index.php(67): CodeIgniter\CodeIgniter->run()
 5 SYSTEMPATH\Commands\Server\rewrite.php(46): require_once('FCPATH\\index.php')
